# JRE version: OpenJDK Runtime Environment (8.0_212-b04) (build 1.8.0_212-release-1586-b04)
# Java VM: OpenJDK 64-Bit Server VM (25.212-b04 mixed mode windows-amd64 compressed oops)
Heap:
 PSYoungGen      total 367616K, used 162269K [0x00000000e0000000, 0x00000000fdd80000, 0x0000000100000000)
  eden space 299520K, 31% used [0x00000000e0000000,0x00000000e5c6d568,0x00000000f2480000)
  from space 68096K, 99% used [0x00000000f2480000,0x00000000f66fe608,0x00000000f6700000)
  to   space 78848K, 0% used [0x00000000f9080000,0x00000000f9080000,0x00000000fdd80000)
 ParOldGen       total 303104K, used 60391K [0x00000000a0000000, 0x00000000b2800000, 0x00000000e0000000)
  object space 303104K, 19% used [0x00000000a0000000,0x00000000a3af9e68,0x00000000b2800000)
 Metaspace       used 145729K, capacity 153360K, committed 153728K, reserved 1181696K
  class space    used 18904K, capacity 20374K, committed 20608K, reserved 1048576K
GC Heap History (10 events):
Event: 6429.821 GC heap before
{Heap before GC invocations=29 (full 4):
 PSYoungGen      total 293888K, used 291802K [0x00000000e0000000, 0x00000000f4e80000, 0x0000000100000000)
  eden space 257536K, 100% used [0x00000000e0000000,0x00000000efb80000,0x00000000efb80000)
  from space 36352K, 94% used [0x00000000f2380000,0x00000000f44f6a18,0x00000000f4700000)
  to   space 40960K, 0% used [0x00000000efb80000,0x00000000efb80000,0x00000000f2380000)
 ParOldGen       total 303104K, used 44109K [0x00000000a0000000, 0x00000000b2800000, 0x00000000e0000000)
  object space 303104K, 14% used [0x00000000a0000000,0x00000000a2b13480,0x00000000b2800000)
 Metaspace       used 106040K, capacity 111136K, committed 112000K, reserved 1146880K
  class space    used 13633K, capacity 14570K, committed 14720K, reserved 1048576K
Event: 6429.864 GC heap after
Heap after GC invocations=29 (full 4):
 PSYoungGen      total 298496K, used 40935K [0x00000000e0000000, 0x00000000f7c00000, 0x0000000100000000)
  eden space 257536K, 0% used [0x00000000e0000000,0x00000000e0000000,0x00000000efb80000)
  from space 40960K, 99% used [0x00000000efb80000,0x00000000f2379e20,0x00000000f2380000)
  to   space 50688K, 0% used [0x00000000f4a80000,0x00000000f4a80000,0x00000000f7c00000)
 ParOldGen       total 303104K, used 53224K [0x00000000a0000000, 0x00000000b2800000, 0x00000000e0000000)
  object space 303104K, 17% used [0x00000000a0000000,0x00000000a33fa138,0x00000000b2800000)
 Metaspace       used 106040K, capacity 111136K, committed 112000K, reserved 1146880K
  class space    used 13633K, capacity 14570K, committed 14720K, reserved 1048576K
}
Event: 8060.324 GC heap before
{Heap before GC invocations=30 (full 4):
 PSYoungGen      total 298496K, used 298471K [0x00000000e0000000, 0x00000000f7c00000, 0x0000000100000000)
  eden space 257536K, 100% used [0x00000000e0000000,0x00000000efb80000,0x00000000efb80000)
  from space 40960K, 99% used [0x00000000efb80000,0x00000000f2379e20,0x00000000f2380000)
  to   space 50688K, 0% used [0x00000000f4a80000,0x00000000f4a80000,0x00000000f7c00000)
 ParOldGen       total 303104K, used 53224K [0x00000000a0000000, 0x00000000b2800000, 0x00000000e0000000)
  object space 303104K, 17% used [0x00000000a0000000,0x00000000a33fa138,0x00000000b2800000)
 Metaspace       used 124040K, capacity 130210K, committed 130560K, reserved 1163264K
  class space    used 15984K, capacity 17185K, committed 17408K, reserved 1048576K
Event: 8060.396 GC heap after
Heap after GC invocations=30 (full 4):
 PSYoungGen      total 328192K, used 50665K [0x00000000e0000000, 0x00000000f8b00000, 0x0000000100000000)
  eden space 277504K, 0% used [0x00000000e0000000,0x00000000e0000000,0x00000000f0f00000)
  from space 50688K, 99% used [0x00000000f4a80000,0x00000000f7bfa708,0x00000000f7c00000)
  to   space 60928K, 0% used [0x00000000f0f00000,0x00000000f0f00000,0x00000000f4a80000)
 ParOldGen       total 303104K, used 59697K [0x00000000a0000000, 0x00000000b2800000, 0x00000000e0000000)
  object space 303104K, 19% used [0x00000000a0000000,0x00000000a3a4c560,0x00000000b2800000)
 Metaspace       used 124040K, capacity 130210K, committed 130560K, reserved 1163264K
  class space    used 15984K, capacity 17185K, committed 17408K, reserved 1048576K
}
Event: 8074.162 GC heap before
{Heap before GC invocations=31 (full 4):
 PSYoungGen      total 328192K, used 328169K [0x00000000e0000000, 0x00000000f8b00000, 0x0000000100000000)
  eden space 277504K, 100% used [0x00000000e0000000,0x00000000f0f00000,0x00000000f0f00000)
  from space 50688K, 99% used [0x00000000f4a80000,0x00000000f7bfa708,0x00000000f7c00000)
  to   space 60928K, 0% used [0x00000000f0f00000,0x00000000f0f00000,0x00000000f4a80000)
 ParOldGen       total 303104K, used 59697K [0x00000000a0000000, 0x00000000b2800000, 0x00000000e0000000)
  object space 303104K, 19% used [0x00000000a0000000,0x00000000a3a4c560,0x00000000b2800000)
 Metaspace       used 129587K, capacity 136046K, committed 136320K, reserved 1167360K
  class space    used 16658K, capacity 17919K, committed 18048K, reserved 1048576K
Event: 8074.199 GC heap after
Heap after GC invocations=31 (full 4):
 PSYoungGen      total 338432K, used 47748K [0x00000000e0000000, 0x00000000fa880000, 0x0000000100000000)
  eden space 277504K, 0% used [0x00000000e0000000,0x00000000e0000000,0x00000000f0f00000)
  from space 60928K, 78% used [0x00000000f0f00000,0x00000000f3da1210,0x00000000f4a80000)
  to   space 66048K, 0% used [0x00000000f6800000,0x00000000f6800000,0x00000000fa880000)
 ParOldGen       total 303104K, used 59705K [0x00000000a0000000, 0x00000000b2800000, 0x00000000e0000000)
  object space 303104K, 19% used [0x00000000a0000000,0x00000000a3a4e560,0x00000000b2800000)
 Metaspace       used 129587K, capacity 136046K, committed 136320K, reserved 1167360K
  class space    used 16658K, capacity 17919K, committed 18048K, reserved 1048576K
}
Event: 8097.980 GC heap before
{Heap before GC invocations=32 (full 4):
 PSYoungGen      total 338432K, used 325252K [0x00000000e0000000, 0x00000000fa880000, 0x0000000100000000)
  eden space 277504K, 100% used [0x00000000e0000000,0x00000000f0f00000,0x00000000f0f00000)
  from space 60928K, 78% used [0x00000000f0f00000,0x00000000f3da1210,0x00000000f4a80000)
  to   space 66048K, 0% used [0x00000000f6800000,0x00000000f6800000,0x00000000fa880000)
 ParOldGen       total 303104K, used 59705K [0x00000000a0000000, 0x00000000b2800000, 0x00000000e0000000)
  object space 303104K, 19% used [0x00000000a0000000,0x00000000a3a4e560,0x00000000b2800000)
 Metaspace       used 131446K, capacity 138048K, committed 138496K, reserved 1169408K
  class space    used 16940K, capacity 18224K, committed 18432K, reserved 1048576K
Event: 8098.014 GC heap after
Heap after GC invocations=32 (full 4):
 PSYoungGen      total 365568K, used 42740K [0x00000000e0000000, 0x00000000fa980000, 0x0000000100000000)
  eden space 299520K, 0% used [0x00000000e0000000,0x00000000e0000000,0x00000000f2480000)
  from space 66048K, 64% used [0x00000000f6800000,0x00000000f91bd270,0x00000000fa880000)
  to   space 68096K, 0% used [0x00000000f2480000,0x00000000f2480000,0x00000000f6700000)
 ParOldGen       total 303104K, used 59713K [0x00000000a0000000, 0x00000000b2800000, 0x00000000e0000000)
  object space 303104K, 19% used [0x00000000a0000000,0x00000000a3a50560,0x00000000b2800000)
 Metaspace       used 131446K, capacity 138048K, committed 138496K, reserved 1169408K
  class space    used 16940K, capacity 18224K, committed 18432K, reserved 1048576K
}
Event: 8106.189 GC heap before
{Heap before GC invocations=33 (full 4):
 PSYoungGen      total 365568K, used 342260K [0x00000000e0000000, 0x00000000fa980000, 0x0000000100000000)
  eden space 299520K, 100% used [0x00000000e0000000,0x00000000f2480000,0x00000000f2480000)
  from space 66048K, 64% used [0x00000000f6800000,0x00000000f91bd270,0x00000000fa880000)
  to   space 68096K, 0% used [0x00000000f2480000,0x00000000f2480000,0x00000000f6700000)
 ParOldGen       total 303104K, used 59713K [0x00000000a0000000, 0x00000000b2800000, 0x00000000e0000000)
  object space 303104K, 19% used [0x00000000a0000000,0x00000000a3a50560,0x00000000b2800000)
 Metaspace       used 145393K, capacity 153048K, committed 153472K, reserved 1181696K
  class space    used 18886K, capacity 20366K, committed 20608K, reserved 1048576K
Event: 8106.287 GC heap after
Heap after GC invocations=33 (full 4):
 PSYoungGen      total 367616K, used 68089K [0x00000000e0000000, 0x00000000fdd80000, 0x0000000100000000)
  eden space 299520K, 0% used [0x00000000e0000000,0x00000000e0000000,0x00000000f2480000)
  from space 68096K, 99% used [0x00000000f2480000,0x00000000f66fe608,0x00000000f6700000)
  to   space 78848K, 0% used [0x00000000f9080000,0x00000000f9080000,0x00000000fdd80000)
 ParOldGen       total 303104K, used 60391K [0x00000000a0000000, 0x00000000b2800000, 0x00000000e0000000)
  object space 303104K, 19% used [0x00000000a0000000,0x00000000a3af9e68,0x00000000b2800000)
 Metaspace       used 145393K, capacity 153048K, committed 153472K, reserved 1181696K
  class space    used 18886K, capacity 20366K, committed 20608K, reserved 1048576K
}

